<?xml version="1.0" encoding="UTF-8"?>
<!-- Generated by org.testng.reporters.JUnitReportReporter -->
<testsuite hostname="DESKTOP-0USRVCN" name="Practics.ScreenShots" tests="1" failures="0" timestamp="28 Nov 2018 11:26:33 GMT" time="10.056" errors="0">
  <testcase name="screenShotTest" time="10.056" classname="Practics.ScreenShots"/>
</testsuite> <!-- Practics.ScreenShots -->
