<?xml version="1.0" encoding="UTF-8"?>
<!-- Generated by org.testng.reporters.JUnitReportReporter -->
<testsuite hostname="DESKTOP-0USRVCN" name="com.actitime.CustomerTest.CustomerTest" tests="1" failures="0" timestamp="28 Oct 2018 07:18:32 GMT" time="11.112" errors="0">
  <testcase name="creatCustomer" time="11.112" classname="com.actitime.CustomerTest.CustomerTest"/>
</testsuite> <!-- com.actitime.CustomerTest.CustomerTest -->
