<?xml version="1.0" encoding="UTF-8"?>
<!-- Generated by org.testng.reporters.JUnitReportReporter -->
<testsuite hostname="DESKTOP-0USRVCN" name="Practics.Screenshot" tests="1" failures="0" timestamp="24 Nov 2018 15:21:57 GMT" time="33.569" errors="0">
  <testcase name="screenShotTest" time="33.569" classname="Practics.Screenshot"/>
</testsuite> <!-- Practics.Screenshot -->
